*** Starting uWSGI 2.0.19.1 (64bit) on [Tue Aug 11 07:37:33 2020] ***
compiled with version: 9.3.0 on 11 August 2020 07:41:26
os: Linux-5.4.0-42-generic #46-Ubuntu SMP Fri Jul 10 00:24:02 UTC 2020
nodename: ubuntu
machine: x86_64
clock source: unix
pcre jit disabled
detected number of CPU cores: 2
current working directory: /home/jingping/PycharmProjects/dailyfresh
writing pidfile to uwsgi2.pid
detected binary path: /home/jingping/dailyfresh/bin/uwsgi
chdir() to /home/jingping/PycharmProjects/dailyfresh
your processes number limit is 7619
your memory page size is 4096 bytes
detected max file descriptor number: 1048576
lock engine: pthread robust mutexes
thunder lock: disabled (you can enable it with --thunder-lock)
uwsgi socket 0 bound to TCP address 127.0.0.1:8081 fd 3
Python version: 3.8.2 (default, Jul 16 2020, 14:00:26)  [GCC 9.3.0]
PEP 405 virtualenv detected: /home/jingping/dailyfresh
Set PythonHome to /home/jingping/dailyfresh
Python main interpreter initialized at 0x5572b2f631e0
python threads support enabled
your server socket listen backlog is limited to 100 connections
your mercy for graceful operations on workers is 60 seconds
mapped 416720 bytes (406 KB) for 8 cores
*** Operational MODE: preforking+threaded ***
WSGI app 0 (mountpoint='') ready in 4 seconds on interpreter 0x5572b2f631e0 pid: 3973 (default app)
*** uWSGI is running in multiple interpreter mode ***
spawned uWSGI master process (pid: 3973)
spawned uWSGI worker 1 (pid: 3975, cores: 2)
spawned uWSGI worker 2 (pid: 3976, cores: 2)
spawned uWSGI worker 3 (pid: 3979, cores: 2)
spawned uWSGI worker 4 (pid: 3980, cores: 2)
设置缓存
[pid: 3980|app: 0|req: 1/1] 127.0.0.1 () {42 vars in 808 bytes} [Tue Aug 11 22:48:22 2020] GET /index => generated 7497 bytes in 2423 msecs (HTTP/1.1 200) 5 headers in 151 bytes (1 switches on core 0)
[pid: 3979|app: 0|req: 1/2] 127.0.0.1 () {44 vars in 862 bytes} [Tue Aug 11 22:49:21 2020] GET /user/order/1 => generated 3629 bytes in 1195 msecs (HTTP/1.1 200) 6 headers in 319 bytes (1 switches on core 0)
[pid: 3976|app: 0|req: 1/3] 127.0.0.1 () {44 vars in 850 bytes} [Tue Aug 11 22:49:47 2020] GET /goods/7 => generated 9036 bytes in 966 msecs (HTTP/1.1 200) 6 headers in 319 bytes (1 switches on core 0)
...brutally killing workers...
worker 1 buried after 2 seconds
worker 2 buried after 3 seconds
worker 3 buried after 3 seconds
worker 4 buried after 3 seconds
binary reloading uWSGI...
chdir() to /home/jingping/PycharmProjects/dailyfresh
closing all non-uwsgi socket fds > 2 (max_fd = 1048576)...
found fd 3 mapped to socket 0 (127.0.0.1:8081)
running /home/jingping/dailyfresh/bin/uwsgi
[uWSGI] getting INI configuration from uwsgi2.ini
*** Starting uWSGI 2.0.19.1 (64bit) on [Tue Aug 11 23:11:14 2020] ***
compiled with version: 9.3.0 on 11 August 2020 07:41:26
os: Linux-5.4.0-42-generic #46-Ubuntu SMP Fri Jul 10 00:24:02 UTC 2020
nodename: ubuntu
machine: x86_64
clock source: unix
pcre jit disabled
detected number of CPU cores: 2
current working directory: /home/jingping/PycharmProjects/dailyfresh
detected binary path: /home/jingping/dailyfresh/bin/uwsgi
chdir() to /home/jingping/PycharmProjects/dailyfresh
your processes number limit is 7619
your memory page size is 4096 bytes
detected max file descriptor number: 1048576
lock engine: pthread robust mutexes
thunder lock: disabled (you can enable it with --thunder-lock)
uwsgi socket 0 inherited INET address 127.0.0.1:8081 fd 3
*** Starting uWSGI 2.0.19.1 (64bit) on [Tue Aug 11 19:14:04 2020] ***
compiled with version: 9.3.0 on 11 August 2020 07:41:26
os: Linux-5.4.0-42-generic #46-Ubuntu SMP Fri Jul 10 00:24:02 UTC 2020
nodename: ubuntu
machine: x86_64
clock source: unix
pcre jit disabled
detected number of CPU cores: 2
current working directory: /home/jingping/PycharmProjects/dailyfresh
writing pidfile to uwsgi2.pid
detected binary path: /home/jingping/dailyfresh/bin/uwsgi
chdir() to /home/jingping/PycharmProjects/dailyfresh
your processes number limit is 7619
your memory page size is 4096 bytes
detected max file descriptor number: 1048576
lock engine: pthread robust mutexes
thunder lock: disabled (you can enable it with --thunder-lock)
uwsgi socket 0 bound to TCP address 127.0.0.1:8081 fd 3
Python version: 3.8.2 (default, Jul 16 2020, 14:00:26)  [GCC 9.3.0]
PEP 405 virtualenv detected: /home/jingping/dailyfresh
Set PythonHome to /home/jingping/dailyfresh
Python main interpreter initialized at 0x558be41751e0
python threads support enabled
your server socket listen backlog is limited to 100 connections
your mercy for graceful operations on workers is 60 seconds
mapped 416720 bytes (406 KB) for 8 cores
*** Operational MODE: preforking+threaded ***
WSGI app 0 (mountpoint='') ready in 1 seconds on interpreter 0x558be41751e0 pid: 4489 (default app)
*** uWSGI is running in multiple interpreter mode ***
spawned uWSGI master process (pid: 4489)
spawned uWSGI worker 1 (pid: 4491, cores: 2)
spawned uWSGI worker 2 (pid: 4492, cores: 2)
spawned uWSGI worker 3 (pid: 4494, cores: 2)
spawned uWSGI worker 4 (pid: 4495, cores: 2)
设置缓存
[pid: 4492|app: 0|req: 1/1] 127.0.0.1 () {42 vars in 808 bytes} [Wed Aug 12 10:14:26 2020] GET /index => generated 7497 bytes in 7244 msecs (HTTP/1.1 200) 5 headers in 151 bytes (1 switches on core 0)
[pid: 4491|app: 0|req: 1/2] 127.0.0.1 () {44 vars in 860 bytes} [Wed Aug 12 10:14:53 2020] GET /user/order/1 => generated 3629 bytes in 1471 msecs (HTTP/1.1 200) 6 headers in 319 bytes (1 switches on core 0)
[pid: 4491|app: 0|req: 2/3] 127.0.0.1 () {44 vars in 867 bytes} [Wed Aug 12 10:14:59 2020] GET /user/order/1 => generated 3629 bytes in 38 msecs (HTTP/1.1 200) 6 headers in 319 bytes (1 switches on core 1)
[pid: 4492|app: 0|req: 2/4] 127.0.0.1 () {42 vars in 822 bytes} [Wed Aug 12 10:16:33 2020] GET /user/order/1 => generated 3629 bytes in 100 msecs (HTTP/1.1 200) 6 headers in 319 bytes (1 switches on core 1)
